{"C:\\Users\\ROMARIC\\Desktop\\express-template (1)\\kanban\\index.js": {"path":"C:\\Users\\ROMARIC\\Desktop\\express-template (1)\\kanban\\index.js","statementMap":{"0":{"start":{"line":2,"column":16},"end":{"line":2,"column":34}},"1":{"start":{"line":7,"column":18},"end":{"line":7,"column":47}},"2":{"start":{"line":12,"column":13},"end":{"line":12,"column":28}},"3":{"start":{"line":17,"column":11},"end":{"line":17,"column":24}},"4":{"start":{"line":21,"column":20},"end":{"line":21,"column":73}},"5":{"start":{"line":25,"column":21},"end":{"line":25,"column":40}},"6":{"start":{"line":28,"column":12},"end":{"line":28,"column":21}},"7":{"start":{"line":30,"column":0},"end":{"line":30,"column":24}},"8":{"start":{"line":31,"column":0},"end":{"line":31,"column":48}},"9":{"start":{"line":34,"column":0},"end":{"line":34,"column":30}},"10":{"start":{"line":39,"column":0},"end":{"line":39,"column":26}},"11":{"start":{"line":43,"column":0},"end":{"line":43,"column":24}},"12":{"start":{"line":46,"column":0},"end":{"line":46,"column":68}},"13":{"start":{"line":58,"column":0},"end":{"line":58,"column":21}}},"fnMap":{},"branchMap":{},"s":{"0":3,"1":3,"2":3,"3":3,"4":3,"5":3,"6":3,"7":3,"8":3,"9":3,"10":3,"11":3,"12":3,"13":3},"f":{},"b":{},"_coverageSchema":"1a1c01bbd47fc00a2c39e90264f33305004495a9","hash":"d11fe8f441942d03fe9a6878e198830f2c528a29"}
,"C:\\Users\\ROMARIC\\Desktop\\express-template (1)\\kanban\\controllers\\cardController.js": {"path":"C:\\Users\\ROMARIC\\Desktop\\express-template (1)\\kanban\\controllers\\cardController.js","statementMap":{"0":{"start":{"line":1,"column":35},"end":{"line":1,"column":55}},"1":{"start":{"line":2,"column":22},"end":{"line":2,"column":42}},"2":{"start":{"line":5,"column":0},"end":{"line":199,"column":2}},"3":{"start":{"line":8,"column":4},"end":{"line":20,"column":5}},"4":{"start":{"line":9,"column":20},"end":{"line":15,"column":8}},"5":{"start":{"line":16,"column":6},"end":{"line":16,"column":34}},"6":{"start":{"line":18,"column":6},"end":{"line":18,"column":25}},"7":{"start":{"line":19,"column":6},"end":{"line":19,"column":58}},"8":{"start":{"line":25,"column":4},"end":{"line":45,"column":5}},"9":{"start":{"line":26,"column":53},"end":{"line":26,"column":61}},"10":{"start":{"line":28,"column":22},"end":{"line":28,"column":66}},"11":{"start":{"line":30,"column":6},"end":{"line":32,"column":7}},"12":{"start":{"line":31,"column":8},"end":{"line":31,"column":49}},"13":{"start":{"line":34,"column":35},"end":{"line":39,"column":8}},"14":{"start":{"line":41,"column":6},"end":{"line":41,"column":49}},"15":{"start":{"line":43,"column":6},"end":{"line":43,"column":25}},"16":{"start":{"line":44,"column":6},"end":{"line":44,"column":82}},"17":{"start":{"line":50,"column":4},"end":{"line":66,"column":5}},"18":{"start":{"line":51,"column":19},"end":{"line":56,"column":8}},"19":{"start":{"line":58,"column":6},"end":{"line":60,"column":7}},"20":{"start":{"line":59,"column":8},"end":{"line":59,"column":70}},"21":{"start":{"line":62,"column":6},"end":{"line":62,"column":33}},"22":{"start":{"line":64,"column":6},"end":{"line":64,"column":25}},"23":{"start":{"line":65,"column":6},"end":{"line":65,"column":58}},"24":{"start":{"line":71,"column":4},"end":{"line":96,"column":5}},"25":{"start":{"line":72,"column":53},"end":{"line":72,"column":61}},"26":{"start":{"line":74,"column":19},"end":{"line":74,"column":53}},"27":{"start":{"line":75,"column":6},"end":{"line":77,"column":7}},"28":{"start":{"line":76,"column":8},"end":{"line":76,"column":70}},"29":{"start":{"line":79,"column":6},"end":{"line":79,"column":51}},"30":{"start":{"line":81,"column":6},"end":{"line":83,"column":7}},"31":{"start":{"line":82,"column":8},"end":{"line":82,"column":46}},"32":{"start":{"line":85,"column":26},"end":{"line":90,"column":8}},"33":{"start":{"line":92,"column":6},"end":{"line":92,"column":40}},"34":{"start":{"line":94,"column":6},"end":{"line":94,"column":25}},"35":{"start":{"line":95,"column":6},"end":{"line":95,"column":73}},"36":{"start":{"line":101,"column":4},"end":{"line":179,"column":5}},"37":{"start":{"line":102,"column":21},"end":{"line":102,"column":34}},"38":{"start":{"line":103,"column":37},"end":{"line":103,"column":45}},"39":{"start":{"line":106,"column":6},"end":{"line":108,"column":7}},"40":{"start":{"line":107,"column":8},"end":{"line":107,"column":69}},"41":{"start":{"line":110,"column":19},"end":{"line":110,"column":46}},"42":{"start":{"line":111,"column":6},"end":{"line":113,"column":7}},"43":{"start":{"line":112,"column":8},"end":{"line":112,"column":67}},"44":{"start":{"line":115,"column":26},"end":{"line":115,"column":39}},"45":{"start":{"line":117,"column":6},"end":{"line":173,"column":7}},"46":{"start":{"line":118,"column":8},"end":{"line":126,"column":10}},"47":{"start":{"line":128,"column":8},"end":{"line":136,"column":10}},"48":{"start":{"line":138,"column":8},"end":{"line":138,"column":33}},"49":{"start":{"line":139,"column":8},"end":{"line":139,"column":33}},"50":{"start":{"line":140,"column":8},"end":{"line":140,"column":26}},"51":{"start":{"line":143,"column":8},"end":{"line":169,"column":9}},"52":{"start":{"line":144,"column":10},"end":{"line":155,"column":12}},"53":{"start":{"line":156,"column":15},"end":{"line":169,"column":9}},"54":{"start":{"line":157,"column":10},"end":{"line":168,"column":12}},"55":{"start":{"line":171,"column":8},"end":{"line":171,"column":33}},"56":{"start":{"line":172,"column":8},"end":{"line":172,"column":26}},"57":{"start":{"line":175,"column":6},"end":{"line":175,"column":73}},"58":{"start":{"line":177,"column":6},"end":{"line":177,"column":27}},"59":{"start":{"line":178,"column":6},"end":{"line":178,"column":65}},"60":{"start":{"line":185,"column":4},"end":{"line":197,"column":5}},"61":{"start":{"line":186,"column":19},"end":{"line":186,"column":53}},"62":{"start":{"line":187,"column":6},"end":{"line":189,"column":7}},"63":{"start":{"line":188,"column":8},"end":{"line":188,"column":70}},"64":{"start":{"line":191,"column":6},"end":{"line":191,"column":27}},"65":{"start":{"line":193,"column":6},"end":{"line":193,"column":33}},"66":{"start":{"line":195,"column":6},"end":{"line":195,"column":25}},"67":{"start":{"line":196,"column":6},"end":{"line":196,"column":73}}},"fnMap":{"0":{"name":"(anonymous_0)","decl":{"start":{"line":7,"column":2},"end":{"line":7,"column":3}},"loc":{"start":{"line":7,"column":30},"end":{"line":21,"column":3}},"line":7},"1":{"name":"(anonymous_1)","decl":{"start":{"line":24,"column":2},"end":{"line":24,"column":3}},"loc":{"start":{"line":24,"column":29},"end":{"line":46,"column":3}},"line":24},"2":{"name":"(anonymous_2)","decl":{"start":{"line":49,"column":2},"end":{"line":49,"column":3}},"loc":{"start":{"line":49,"column":30},"end":{"line":67,"column":3}},"line":49},"3":{"name":"(anonymous_3)","decl":{"start":{"line":70,"column":2},"end":{"line":70,"column":3}},"loc":{"start":{"line":70,"column":29},"end":{"line":97,"column":3}},"line":70},"4":{"name":"(anonymous_4)","decl":{"start":{"line":100,"column":2},"end":{"line":100,"column":3}},"loc":{"start":{"line":100,"column":27},"end":{"line":180,"column":3}},"line":100},"5":{"name":"(anonymous_5)","decl":{"start":{"line":184,"column":2},"end":{"line":184,"column":3}},"loc":{"start":{"line":184,"column":29},"end":{"line":198,"column":3}},"line":184}},"branchMap":{"0":{"loc":{"start":{"line":30,"column":6},"end":{"line":32,"column":7}},"type":"if","locations":[{"start":{"line":30,"column":6},"end":{"line":32,"column":7}},{"start":{},"end":{}}],"line":30},"1":{"loc":{"start":{"line":30,"column":10},"end":{"line":30,"column":51}},"type":"binary-expr","locations":[{"start":{"line":30,"column":10},"end":{"line":30,"column":21}},{"start":{"line":30,"column":25},"end":{"line":30,"column":51}}],"line":30},"2":{"loc":{"start":{"line":58,"column":6},"end":{"line":60,"column":7}},"type":"if","locations":[{"start":{"line":58,"column":6},"end":{"line":60,"column":7}},{"start":{},"end":{}}],"line":58},"3":{"loc":{"start":{"line":75,"column":6},"end":{"line":77,"column":7}},"type":"if","locations":[{"start":{"line":75,"column":6},"end":{"line":77,"column":7}},{"start":{},"end":{}}],"line":75},"4":{"loc":{"start":{"line":81,"column":6},"end":{"line":83,"column":7}},"type":"if","locations":[{"start":{"line":81,"column":6},"end":{"line":83,"column":7}},{"start":{},"end":{}}],"line":81},"5":{"loc":{"start":{"line":81,"column":10},"end":{"line":81,"column":51}},"type":"binary-expr","locations":[{"start":{"line":81,"column":10},"end":{"line":81,"column":21}},{"start":{"line":81,"column":25},"end":{"line":81,"column":51}}],"line":81},"6":{"loc":{"start":{"line":106,"column":6},"end":{"line":108,"column":7}},"type":"if","locations":[{"start":{"line":106,"column":6},"end":{"line":108,"column":7}},{"start":{},"end":{}}],"line":106},"7":{"loc":{"start":{"line":106,"column":10},"end":{"line":106,"column":54}},"type":"binary-expr","locations":[{"start":{"line":106,"column":10},"end":{"line":106,"column":38}},{"start":{"line":106,"column":42},"end":{"line":106,"column":54}}],"line":106},"8":{"loc":{"start":{"line":111,"column":6},"end":{"line":113,"column":7}},"type":"if","locations":[{"start":{"line":111,"column":6},"end":{"line":113,"column":7}},{"start":{},"end":{}}],"line":111},"9":{"loc":{"start":{"line":117,"column":6},"end":{"line":173,"column":7}},"type":"if","locations":[{"start":{"line":117,"column":6},"end":{"line":173,"column":7}},{"start":{"line":142,"column":13},"end":{"line":173,"column":7}}],"line":117},"10":{"loc":{"start":{"line":143,"column":8},"end":{"line":169,"column":9}},"type":"if","locations":[{"start":{"line":143,"column":8},"end":{"line":169,"column":9}},{"start":{"line":156,"column":15},"end":{"line":169,"column":9}}],"line":143},"11":{"loc":{"start":{"line":156,"column":15},"end":{"line":169,"column":9}},"type":"if","locations":[{"start":{"line":156,"column":15},"end":{"line":169,"column":9}},{"start":{},"end":{}}],"line":156},"12":{"loc":{"start":{"line":187,"column":6},"end":{"line":189,"column":7}},"type":"if","locations":[{"start":{"line":187,"column":6},"end":{"line":189,"column":7}},{"start":{},"end":{}}],"line":187}},"s":{"0":3,"1":3,"2":3,"3":2,"4":2,"5":1,"6":1,"7":1,"8":2,"9":2,"10":2,"11":1,"12":0,"13":1,"14":1,"15":1,"16":1,"17":3,"18":3,"19":2,"20":1,"21":1,"22":1,"23":1,"24":3,"25":3,"26":3,"27":2,"28":1,"29":1,"30":1,"31":0,"32":1,"33":1,"34":1,"35":1,"36":0,"37":0,"38":0,"39":0,"40":0,"41":0,"42":0,"43":0,"44":0,"45":0,"46":0,"47":0,"48":0,"49":0,"50":0,"51":0,"52":0,"53":0,"54":0,"55":0,"56":0,"57":0,"58":0,"59":0,"60":3,"61":3,"62":2,"63":1,"64":1,"65":1,"66":2,"67":2},"f":{"0":2,"1":2,"2":3,"3":3,"4":0,"5":3},"b":{"0":[0,1],"1":[1,0],"2":[1,1],"3":[1,1],"4":[0,1],"5":[1,0],"6":[0,0],"7":[0,0],"8":[0,0],"9":[0,0],"10":[0,0],"11":[0,0],"12":[1,1]},"_coverageSchema":"1a1c01bbd47fc00a2c39e90264f33305004495a9","hash":"d3578f668284829b60bbcb01dcd0332823befa8e"}
,"C:\\Users\\ROMARIC\\Desktop\\express-template (1)\\kanban\\controllers\\categoryController.js": {"path":"C:\\Users\\ROMARIC\\Desktop\\express-template (1)\\kanban\\controllers\\categoryController.js","statementMap":{"0":{"start":{"line":1,"column":21},"end":{"line":1,"column":41}},"1":{"start":{"line":4,"column":0},"end":{"line":11,"column":2}},"2":{"start":{"line":5,"column":2},"end":{"line":10,"column":3}},"3":{"start":{"line":6,"column":23},"end":{"line":6,"column":47}},"4":{"start":{"line":7,"column":4},"end":{"line":7,"column":25}},"5":{"start":{"line":9,"column":4},"end":{"line":9,"column":87}},"6":{"start":{"line":14,"column":0},"end":{"line":22,"column":2}},"7":{"start":{"line":15,"column":2},"end":{"line":21,"column":3}},"8":{"start":{"line":16,"column":21},"end":{"line":16,"column":29}},"9":{"start":{"line":17,"column":24},"end":{"line":17,"column":55}},"10":{"start":{"line":18,"column":4},"end":{"line":18,"column":38}},"11":{"start":{"line":20,"column":4},"end":{"line":20,"column":85}},"12":{"start":{"line":25,"column":0},"end":{"line":36,"column":2}},"13":{"start":{"line":26,"column":2},"end":{"line":35,"column":3}},"14":{"start":{"line":27,"column":19},"end":{"line":27,"column":29}},"15":{"start":{"line":28,"column":21},"end":{"line":28,"column":48}},"16":{"start":{"line":29,"column":4},"end":{"line":31,"column":5}},"17":{"start":{"line":30,"column":6},"end":{"line":30,"column":69}},"18":{"start":{"line":32,"column":4},"end":{"line":32,"column":23}},"19":{"start":{"line":34,"column":4},"end":{"line":34,"column":85}},"20":{"start":{"line":39,"column":0},"end":{"line":53,"column":2}},"21":{"start":{"line":40,"column":2},"end":{"line":52,"column":3}},"22":{"start":{"line":41,"column":19},"end":{"line":41,"column":29}},"23":{"start":{"line":42,"column":21},"end":{"line":42,"column":29}},"24":{"start":{"line":43,"column":21},"end":{"line":43,"column":48}},"25":{"start":{"line":44,"column":4},"end":{"line":46,"column":5}},"26":{"start":{"line":45,"column":6},"end":{"line":45,"column":69}},"27":{"start":{"line":47,"column":4},"end":{"line":47,"column":25}},"28":{"start":{"line":48,"column":4},"end":{"line":48,"column":26}},"29":{"start":{"line":49,"column":4},"end":{"line":49,"column":23}},"30":{"start":{"line":51,"column":4},"end":{"line":51,"column":85}},"31":{"start":{"line":56,"column":0},"end":{"line":69,"column":2}},"32":{"start":{"line":57,"column":2},"end":{"line":68,"column":3}},"33":{"start":{"line":58,"column":19},"end":{"line":58,"column":29}},"34":{"start":{"line":59,"column":21},"end":{"line":59,"column":48}},"35":{"start":{"line":60,"column":4},"end":{"line":62,"column":5}},"36":{"start":{"line":61,"column":6},"end":{"line":61,"column":69}},"37":{"start":{"line":63,"column":4},"end":{"line":63,"column":29}},"38":{"start":{"line":65,"column":4},"end":{"line":65,"column":31}},"39":{"start":{"line":67,"column":4},"end":{"line":67,"column":85}}},"fnMap":{"0":{"name":"(anonymous_0)","decl":{"start":{"line":4,"column":27},"end":{"line":4,"column":28}},"loc":{"start":{"line":4,"column":47},"end":{"line":11,"column":1}},"line":4},"1":{"name":"(anonymous_1)","decl":{"start":{"line":14,"column":25},"end":{"line":14,"column":26}},"loc":{"start":{"line":14,"column":45},"end":{"line":22,"column":1}},"line":14},"2":{"name":"(anonymous_2)","decl":{"start":{"line":25,"column":26},"end":{"line":25,"column":27}},"loc":{"start":{"line":25,"column":46},"end":{"line":36,"column":1}},"line":25},"3":{"name":"(anonymous_3)","decl":{"start":{"line":39,"column":25},"end":{"line":39,"column":26}},"loc":{"start":{"line":39,"column":45},"end":{"line":53,"column":1}},"line":39},"4":{"name":"(anonymous_4)","decl":{"start":{"line":56,"column":25},"end":{"line":56,"column":26}},"loc":{"start":{"line":56,"column":45},"end":{"line":69,"column":1}},"line":56}},"branchMap":{"0":{"loc":{"start":{"line":29,"column":4},"end":{"line":31,"column":5}},"type":"if","locations":[{"start":{"line":29,"column":4},"end":{"line":31,"column":5}},{"start":{},"end":{}}],"line":29},"1":{"loc":{"start":{"line":44,"column":4},"end":{"line":46,"column":5}},"type":"if","locations":[{"start":{"line":44,"column":4},"end":{"line":46,"column":5}},{"start":{},"end":{}}],"line":44},"2":{"loc":{"start":{"line":60,"column":4},"end":{"line":62,"column":5}},"type":"if","locations":[{"start":{"line":60,"column":4},"end":{"line":62,"column":5}},{"start":{},"end":{}}],"line":60}},"s":{"0":3,"1":3,"2":1,"3":1,"4":1,"5":0,"6":3,"7":1,"8":1,"9":1,"10":1,"11":0,"12":3,"13":1,"14":1,"15":1,"16":1,"17":0,"18":1,"19":0,"20":3,"21":1,"22":1,"23":1,"24":1,"25":1,"26":0,"27":1,"28":1,"29":1,"30":0,"31":3,"32":1,"33":1,"34":1,"35":1,"36":0,"37":1,"38":1,"39":1},"f":{"0":1,"1":1,"2":1,"3":1,"4":1},"b":{"0":[0,1],"1":[0,1],"2":[0,1]},"_coverageSchema":"1a1c01bbd47fc00a2c39e90264f33305004495a9","hash":"7be9632fbeda15732f2dd63e7dfc881bee5943c4"}
,"C:\\Users\\ROMARIC\\Desktop\\express-template (1)\\kanban\\controllers\\columnController.js": {"path":"C:\\Users\\ROMARIC\\Desktop\\express-template (1)\\kanban\\controllers\\columnController.js","statementMap":{"0":{"start":{"line":1,"column":19},"end":{"line":1,"column":39}},"1":{"start":{"line":4,"column":0},"end":{"line":15,"column":2}},"2":{"start":{"line":5,"column":2},"end":{"line":14,"column":3}},"3":{"start":{"line":6,"column":20},"end":{"line":10,"column":5}},"4":{"start":{"line":11,"column":4},"end":{"line":11,"column":22}},"5":{"start":{"line":13,"column":4},"end":{"line":13,"column":105}},"6":{"start":{"line":18,"column":0},"end":{"line":26,"column":2}},"7":{"start":{"line":19,"column":2},"end":{"line":25,"column":3}},"8":{"start":{"line":20,"column":22},"end":{"line":20,"column":30}},"9":{"start":{"line":21,"column":19},"end":{"line":21,"column":49}},"10":{"start":{"line":22,"column":4},"end":{"line":22,"column":33}},"11":{"start":{"line":24,"column":4},"end":{"line":24,"column":102}},"12":{"start":{"line":29,"column":0},"end":{"line":40,"column":2}},"13":{"start":{"line":30,"column":2},"end":{"line":39,"column":3}},"14":{"start":{"line":31,"column":19},"end":{"line":31,"column":29}},"15":{"start":{"line":32,"column":19},"end":{"line":32,"column":44}},"16":{"start":{"line":33,"column":4},"end":{"line":35,"column":5}},"17":{"start":{"line":34,"column":6},"end":{"line":34,"column":70}},"18":{"start":{"line":36,"column":4},"end":{"line":36,"column":21}},"19":{"start":{"line":38,"column":4},"end":{"line":38,"column":106}},"20":{"start":{"line":43,"column":0},"end":{"line":57,"column":2}},"21":{"start":{"line":44,"column":2},"end":{"line":56,"column":3}},"22":{"start":{"line":45,"column":19},"end":{"line":45,"column":29}},"23":{"start":{"line":46,"column":22},"end":{"line":46,"column":30}},"24":{"start":{"line":47,"column":19},"end":{"line":47,"column":44}},"25":{"start":{"line":48,"column":4},"end":{"line":50,"column":5}},"26":{"start":{"line":49,"column":6},"end":{"line":49,"column":70}},"27":{"start":{"line":51,"column":4},"end":{"line":51,"column":25}},"28":{"start":{"line":52,"column":4},"end":{"line":52,"column":24}},"29":{"start":{"line":53,"column":4},"end":{"line":53,"column":21}},"30":{"start":{"line":55,"column":4},"end":{"line":55,"column":105}},"31":{"start":{"line":60,"column":0},"end":{"line":73,"column":2}},"32":{"start":{"line":61,"column":2},"end":{"line":72,"column":3}},"33":{"start":{"line":62,"column":19},"end":{"line":62,"column":29}},"34":{"start":{"line":63,"column":19},"end":{"line":63,"column":44}},"35":{"start":{"line":64,"column":4},"end":{"line":66,"column":5}},"36":{"start":{"line":65,"column":6},"end":{"line":65,"column":70}},"37":{"start":{"line":67,"column":4},"end":{"line":67,"column":27}},"38":{"start":{"line":69,"column":4},"end":{"line":69,"column":27}},"39":{"start":{"line":71,"column":4},"end":{"line":71,"column":105}}},"fnMap":{"0":{"name":"(anonymous_0)","decl":{"start":{"line":4,"column":24},"end":{"line":4,"column":25}},"loc":{"start":{"line":4,"column":44},"end":{"line":15,"column":1}},"line":4},"1":{"name":"(anonymous_1)","decl":{"start":{"line":18,"column":23},"end":{"line":18,"column":24}},"loc":{"start":{"line":18,"column":43},"end":{"line":26,"column":1}},"line":18},"2":{"name":"(anonymous_2)","decl":{"start":{"line":29,"column":24},"end":{"line":29,"column":25}},"loc":{"start":{"line":29,"column":44},"end":{"line":40,"column":1}},"line":29},"3":{"name":"(anonymous_3)","decl":{"start":{"line":43,"column":23},"end":{"line":43,"column":24}},"loc":{"start":{"line":43,"column":43},"end":{"line":57,"column":1}},"line":43},"4":{"name":"(anonymous_4)","decl":{"start":{"line":60,"column":23},"end":{"line":60,"column":24}},"loc":{"start":{"line":60,"column":43},"end":{"line":73,"column":1}},"line":60}},"branchMap":{"0":{"loc":{"start":{"line":33,"column":4},"end":{"line":35,"column":5}},"type":"if","locations":[{"start":{"line":33,"column":4},"end":{"line":35,"column":5}},{"start":{},"end":{}}],"line":33},"1":{"loc":{"start":{"line":48,"column":4},"end":{"line":50,"column":5}},"type":"if","locations":[{"start":{"line":48,"column":4},"end":{"line":50,"column":5}},{"start":{},"end":{}}],"line":48},"2":{"loc":{"start":{"line":64,"column":4},"end":{"line":66,"column":5}},"type":"if","locations":[{"start":{"line":64,"column":4},"end":{"line":66,"column":5}},{"start":{},"end":{}}],"line":64}},"s":{"0":3,"1":3,"2":1,"3":1,"4":1,"5":0,"6":3,"7":1,"8":1,"9":1,"10":1,"11":0,"12":3,"13":0,"14":0,"15":0,"16":0,"17":0,"18":0,"19":0,"20":3,"21":1,"22":1,"23":1,"24":1,"25":1,"26":0,"27":1,"28":1,"29":1,"30":0,"31":3,"32":1,"33":1,"34":1,"35":1,"36":0,"37":1,"38":1,"39":0},"f":{"0":1,"1":1,"2":0,"3":1,"4":1},"b":{"0":[0,0],"1":[0,1],"2":[0,1]},"_coverageSchema":"1a1c01bbd47fc00a2c39e90264f33305004495a9","hash":"8cff8cb35d134da155a2e08783d922fe273c33ae"}
,"C:\\Users\\ROMARIC\\Desktop\\express-template (1)\\kanban\\controllers\\homeController.js": {"path":"C:\\Users\\ROMARIC\\Desktop\\express-template (1)\\kanban\\controllers\\homeController.js","statementMap":{"0":{"start":{"line":1,"column":23},"end":{"line":5,"column":1}},"1":{"start":{"line":3,"column":4},"end":{"line":3,"column":40}},"2":{"start":{"line":7,"column":0},"end":{"line":7,"column":32}}},"fnMap":{"0":{"name":"(anonymous_0)","decl":{"start":{"line":2,"column":2},"end":{"line":2,"column":3}},"loc":{"start":{"line":2,"column":31},"end":{"line":4,"column":3}},"line":2}},"branchMap":{},"s":{"0":4,"1":1,"2":4},"f":{"0":1},"b":{},"_coverageSchema":"1a1c01bbd47fc00a2c39e90264f33305004495a9","hash":"8b8f0d1d562d7dcdfe0a1d18a820afb0fde925f6"}
,"C:\\Users\\ROMARIC\\Desktop\\express-template (1)\\kanban\\models\\Card.js": {"path":"C:\\Users\\ROMARIC\\Desktop\\express-template (1)\\kanban\\models\\Card.js","statementMap":{"0":{"start":{"line":3,"column":0},"end":{"line":32,"column":2}},"1":{"start":{"line":4,"column":15},"end":{"line":15,"column":8}},"2":{"start":{"line":17,"column":2},"end":{"line":29,"column":4}},"3":{"start":{"line":18,"column":4},"end":{"line":21,"column":7}},"4":{"start":{"line":23,"column":4},"end":{"line":28,"column":7}},"5":{"start":{"line":31,"column":2},"end":{"line":31,"column":14}}},"fnMap":{"0":{"name":"(anonymous_0)","decl":{"start":{"line":3,"column":17},"end":{"line":3,"column":18}},"loc":{"start":{"line":3,"column":43},"end":{"line":32,"column":1}},"line":3},"1":{"name":"(anonymous_1)","decl":{"start":{"line":17,"column":19},"end":{"line":17,"column":20}},"loc":{"start":{"line":17,"column":36},"end":{"line":29,"column":3}},"line":17}},"branchMap":{},"s":{"0":3,"1":3,"2":3,"3":3,"4":3,"5":3},"f":{"0":3,"1":3},"b":{},"_coverageSchema":"1a1c01bbd47fc00a2c39e90264f33305004495a9","hash":"43149d4f137696e87c30256d9f4658aaf05b72db"}
,"C:\\Users\\ROMARIC\\Desktop\\express-template (1)\\kanban\\models\\CardCategory.js": {"path":"C:\\Users\\ROMARIC\\Desktop\\express-template (1)\\kanban\\models\\CardCategory.js","statementMap":{"0":{"start":{"line":2,"column":0},"end":{"line":19,"column":2}},"1":{"start":{"line":3,"column":23},"end":{"line":12,"column":8}},"2":{"start":{"line":14,"column":2},"end":{"line":16,"column":4}},"3":{"start":{"line":18,"column":2},"end":{"line":18,"column":22}}},"fnMap":{"0":{"name":"(anonymous_0)","decl":{"start":{"line":2,"column":17},"end":{"line":2,"column":18}},"loc":{"start":{"line":2,"column":43},"end":{"line":19,"column":1}},"line":2},"1":{"name":"(anonymous_1)","decl":{"start":{"line":14,"column":27},"end":{"line":14,"column":28}},"loc":{"start":{"line":14,"column":44},"end":{"line":16,"column":3}},"line":14}},"branchMap":{},"s":{"0":3,"1":3,"2":3,"3":3},"f":{"0":3,"1":3},"b":{},"_coverageSchema":"1a1c01bbd47fc00a2c39e90264f33305004495a9","hash":"9fee04de75e8bf9b6f95e8db15d35c0875982eda"}
,"C:\\Users\\ROMARIC\\Desktop\\express-template (1)\\kanban\\models\\Category.js": {"path":"C:\\Users\\ROMARIC\\Desktop\\express-template (1)\\kanban\\models\\Category.js","statementMap":{"0":{"start":{"line":3,"column":0},"end":{"line":21,"column":2}},"1":{"start":{"line":4,"column":19},"end":{"line":9,"column":8}},"2":{"start":{"line":11,"column":2},"end":{"line":18,"column":4}},"3":{"start":{"line":12,"column":4},"end":{"line":17,"column":7}},"4":{"start":{"line":20,"column":2},"end":{"line":20,"column":18}}},"fnMap":{"0":{"name":"(anonymous_0)","decl":{"start":{"line":3,"column":17},"end":{"line":3,"column":18}},"loc":{"start":{"line":3,"column":43},"end":{"line":21,"column":1}},"line":3},"1":{"name":"(anonymous_1)","decl":{"start":{"line":11,"column":23},"end":{"line":11,"column":24}},"loc":{"start":{"line":11,"column":40},"end":{"line":18,"column":3}},"line":11}},"branchMap":{},"s":{"0":3,"1":3,"2":3,"3":3,"4":3},"f":{"0":3,"1":3},"b":{},"_coverageSchema":"1a1c01bbd47fc00a2c39e90264f33305004495a9","hash":"134465af43ae99beb9fe7f8025388b9ecbad3b71"}
,"C:\\Users\\ROMARIC\\Desktop\\express-template (1)\\kanban\\models\\Column.js": {"path":"C:\\Users\\ROMARIC\\Desktop\\express-template (1)\\kanban\\models\\Column.js","statementMap":{"0":{"start":{"line":3,"column":0},"end":{"line":26,"column":2}},"1":{"start":{"line":4,"column":17},"end":{"line":15,"column":8}},"2":{"start":{"line":17,"column":2},"end":{"line":23,"column":4}},"3":{"start":{"line":18,"column":4},"end":{"line":22,"column":7}},"4":{"start":{"line":25,"column":2},"end":{"line":25,"column":16}}},"fnMap":{"0":{"name":"(anonymous_0)","decl":{"start":{"line":3,"column":17},"end":{"line":3,"column":18}},"loc":{"start":{"line":3,"column":43},"end":{"line":26,"column":1}},"line":3},"1":{"name":"(anonymous_1)","decl":{"start":{"line":17,"column":21},"end":{"line":17,"column":22}},"loc":{"start":{"line":17,"column":38},"end":{"line":23,"column":3}},"line":17}},"branchMap":{},"s":{"0":3,"1":3,"2":3,"3":3,"4":3},"f":{"0":3,"1":3},"b":{},"_coverageSchema":"1a1c01bbd47fc00a2c39e90264f33305004495a9","hash":"3ded0f5386692034be4919814d71f8800168d2fd"}
,"C:\\Users\\ROMARIC\\Desktop\\express-template (1)\\kanban\\models\\index.js": {"path":"C:\\Users\\ROMARIC\\Desktop\\express-template (1)\\kanban\\models\\index.js","statementMap":{"0":{"start":{"line":3,"column":11},"end":{"line":3,"column":24}},"1":{"start":{"line":4,"column":13},"end":{"line":4,"column":28}},"2":{"start":{"line":5,"column":18},"end":{"line":5,"column":38}},"3":{"start":{"line":6,"column":16},"end":{"line":6,"column":34}},"4":{"start":{"line":7,"column":17},"end":{"line":7,"column":42}},"5":{"start":{"line":8,"column":12},"end":{"line":8,"column":49}},"6":{"start":{"line":9,"column":15},"end":{"line":9,"column":65}},"7":{"start":{"line":10,"column":11},"end":{"line":10,"column":13}},"8":{"start":{"line":13,"column":0},"end":{"line":17,"column":1}},"9":{"start":{"line":14,"column":2},"end":{"line":14,"column":74}},"10":{"start":{"line":16,"column":2},"end":{"line":16,"column":87}},"11":{"start":{"line":19,"column":0},"end":{"line":32,"column":5}},"12":{"start":{"line":22,"column":4},"end":{"line":27,"column":6}},"13":{"start":{"line":30,"column":18},"end":{"line":30,"column":85}},"14":{"start":{"line":31,"column":4},"end":{"line":31,"column":27}},"15":{"start":{"line":34,"column":0},"end":{"line":38,"column":3}},"16":{"start":{"line":35,"column":2},"end":{"line":37,"column":3}},"17":{"start":{"line":36,"column":4},"end":{"line":36,"column":32}},"18":{"start":{"line":40,"column":0},"end":{"line":40,"column":25}},"19":{"start":{"line":41,"column":0},"end":{"line":41,"column":25}},"20":{"start":{"line":43,"column":0},"end":{"line":43,"column":20}}},"fnMap":{"0":{"name":"(anonymous_0)","decl":{"start":{"line":21,"column":10},"end":{"line":21,"column":11}},"loc":{"start":{"line":21,"column":18},"end":{"line":28,"column":3}},"line":21},"1":{"name":"(anonymous_1)","decl":{"start":{"line":29,"column":11},"end":{"line":29,"column":12}},"loc":{"start":{"line":29,"column":19},"end":{"line":32,"column":3}},"line":29},"2":{"name":"(anonymous_2)","decl":{"start":{"line":34,"column":24},"end":{"line":34,"column":25}},"loc":{"start":{"line":34,"column":37},"end":{"line":38,"column":1}},"line":34}},"branchMap":{"0":{"loc":{"start":{"line":8,"column":12},"end":{"line":8,"column":49}},"type":"binary-expr","locations":[{"start":{"line":8,"column":12},"end":{"line":8,"column":32}},{"start":{"line":8,"column":36},"end":{"line":8,"column":49}}],"line":8},"1":{"loc":{"start":{"line":13,"column":0},"end":{"line":17,"column":1}},"type":"if","locations":[{"start":{"line":13,"column":0},"end":{"line":17,"column":1}},{"start":{"line":15,"column":7},"end":{"line":17,"column":1}}],"line":13},"2":{"loc":{"start":{"line":23,"column":6},"end":{"line":26,"column":37}},"type":"binary-expr","locations":[{"start":{"line":23,"column":6},"end":{"line":23,"column":29}},{"start":{"line":24,"column":6},"end":{"line":24,"column":23}},{"start":{"line":25,"column":6},"end":{"line":25,"column":30}},{"start":{"line":26,"column":6},"end":{"line":26,"column":37}}],"line":23},"3":{"loc":{"start":{"line":35,"column":2},"end":{"line":37,"column":3}},"type":"if","locations":[{"start":{"line":35,"column":2},"end":{"line":37,"column":3}},{"start":{},"end":{}}],"line":35}},"s":{"0":3,"1":3,"2":3,"3":3,"4":3,"5":3,"6":3,"7":3,"8":3,"9":0,"10":3,"11":3,"12":15,"13":12,"14":12,"15":3,"16":12,"17":12,"18":3,"19":3,"20":3},"f":{"0":15,"1":12,"2":12},"b":{"0":[3,0],"1":[0,3],"2":[15,15,12,12],"3":[12,0]},"_coverageSchema":"1a1c01bbd47fc00a2c39e90264f33305004495a9","hash":"aed2a52c55f20d1f8277251582c6d23816b85b32"}
,"C:\\Users\\ROMARIC\\Desktop\\express-template (1)\\kanban\\routes\\api.js": {"path":"C:\\Users\\ROMARIC\\Desktop\\express-template (1)\\kanban\\routes\\api.js","statementMap":{"0":{"start":{"line":1,"column":19},"end":{"line":1,"column":37}},"1":{"start":{"line":2,"column":23},"end":{"line":2,"column":63}},"2":{"start":{"line":3,"column":25},"end":{"line":3,"column":67}},"3":{"start":{"line":4,"column":27},"end":{"line":4,"column":71}},"4":{"start":{"line":7,"column":17},"end":{"line":7,"column":25}},"5":{"start":{"line":9,"column":2},"end":{"line":9,"column":51}},"6":{"start":{"line":10,"column":2},"end":{"line":10,"column":51}},"7":{"start":{"line":11,"column":2},"end":{"line":11,"column":55}},"8":{"start":{"line":12,"column":2},"end":{"line":12,"column":54}},"9":{"start":{"line":13,"column":2},"end":{"line":13,"column":57}},"10":{"start":{"line":15,"column":2},"end":{"line":15,"column":57}},"11":{"start":{"line":18,"column":2},"end":{"line":18,"column":57}},"12":{"start":{"line":19,"column":2},"end":{"line":19,"column":57}},"13":{"start":{"line":20,"column":2},"end":{"line":20,"column":61}},"14":{"start":{"line":21,"column":2},"end":{"line":21,"column":60}},"15":{"start":{"line":22,"column":2},"end":{"line":22,"column":63}},"16":{"start":{"line":25,"column":2},"end":{"line":25,"column":65}},"17":{"start":{"line":26,"column":2},"end":{"line":26,"column":64}},"18":{"start":{"line":27,"column":2},"end":{"line":27,"column":68}},"19":{"start":{"line":28,"column":2},"end":{"line":28,"column":67}},"20":{"start":{"line":29,"column":2},"end":{"line":29,"column":70}},"21":{"start":{"line":32,"column":2},"end":{"line":32,"column":16}},"22":{"start":{"line":35,"column":0},"end":{"line":35,"column":33}}},"fnMap":{"0":{"name":"createApiRoutes","decl":{"start":{"line":6,"column":9},"end":{"line":6,"column":24}},"loc":{"start":{"line":6,"column":27},"end":{"line":33,"column":1}},"line":6}},"branchMap":{},"s":{"0":3,"1":3,"2":3,"3":3,"4":3,"5":3,"6":3,"7":3,"8":3,"9":3,"10":3,"11":3,"12":3,"13":3,"14":3,"15":3,"16":3,"17":3,"18":3,"19":3,"20":3,"21":3,"22":3},"f":{"0":3},"b":{},"_coverageSchema":"1a1c01bbd47fc00a2c39e90264f33305004495a9","hash":"2a5ec65cd3db646cdde04945d2e54ccfe6b61e51"}
,"C:\\Users\\ROMARIC\\Desktop\\express-template (1)\\kanban\\routes\\index.js": {"path":"C:\\Users\\ROMARIC\\Desktop\\express-template (1)\\kanban\\routes\\index.js","statementMap":{"0":{"start":{"line":1,"column":24},"end":{"line":1,"column":40}},"1":{"start":{"line":2,"column":24},"end":{"line":2,"column":40}},"2":{"start":{"line":3,"column":19},"end":{"line":3,"column":37}},"3":{"start":{"line":6,"column":17},"end":{"line":6,"column":25}},"4":{"start":{"line":8,"column":2},"end":{"line":8,"column":40}},"5":{"start":{"line":9,"column":2},"end":{"line":9,"column":37}},"6":{"start":{"line":11,"column":2},"end":{"line":11,"column":16}},"7":{"start":{"line":14,"column":0},"end":{"line":14,"column":30}}},"fnMap":{"0":{"name":"createRoutes","decl":{"start":{"line":5,"column":9},"end":{"line":5,"column":21}},"loc":{"start":{"line":5,"column":24},"end":{"line":12,"column":1}},"line":5}},"branchMap":{},"s":{"0":3,"1":3,"2":3,"3":3,"4":3,"5":3,"6":3,"7":3},"f":{"0":3},"b":{},"_coverageSchema":"1a1c01bbd47fc00a2c39e90264f33305004495a9","hash":"6c52325fcc90f912c0d965c409379cd9d075d025"}
,"C:\\Users\\ROMARIC\\Desktop\\express-template (1)\\kanban\\routes\\web.js": {"path":"C:\\Users\\ROMARIC\\Desktop\\express-template (1)\\kanban\\routes\\web.js","statementMap":{"0":{"start":{"line":1,"column":19},"end":{"line":1,"column":37}},"1":{"start":{"line":3,"column":23},"end":{"line":3,"column":63}},"2":{"start":{"line":6,"column":17},"end":{"line":6,"column":25}},"3":{"start":{"line":8,"column":2},"end":{"line":8,"column":43}},"4":{"start":{"line":10,"column":2},"end":{"line":10,"column":16}},"5":{"start":{"line":13,"column":0},"end":{"line":13,"column":33}}},"fnMap":{"0":{"name":"createWebRoutes","decl":{"start":{"line":5,"column":9},"end":{"line":5,"column":24}},"loc":{"start":{"line":5,"column":27},"end":{"line":11,"column":1}},"line":5}},"branchMap":{},"s":{"0":3,"1":3,"2":3,"3":3,"4":3,"5":3},"f":{"0":3},"b":{},"_coverageSchema":"1a1c01bbd47fc00a2c39e90264f33305004495a9","hash":"2a1f5e8a913d9606d2addeb3191119ba0e15d420"}
}
