TN:
SF:index.js
FNF:0
FNH:0
DA:2,3
DA:7,3
DA:12,3
DA:17,3
DA:21,3
DA:25,3
DA:28,3
DA:30,3
DA:31,3
DA:34,3
DA:39,3
DA:43,3
DA:46,3
DA:58,3
LF:14
LH:14
BRF:0
BRH:0
end_of_record
TN:
SF:controllers\cardController.js
FN:7,(anonymous_0)
FN:24,(anonymous_1)
FN:49,(anonymous_2)
FN:70,(anonymous_3)
FN:100,(anonymous_4)
FN:184,(anonymous_5)
FNF:6
FNH:1
FNDA:0,(anonymous_0)
FNDA:0,(anonymous_1)
FNDA:0,(anonymous_2)
FNDA:0,(anonymous_3)
FNDA:4,(anonymous_4)
FNDA:0,(anonymous_5)
DA:1,3
DA:2,3
DA:5,3
DA:8,0
DA:9,0
DA:16,0
DA:18,0
DA:19,0
DA:25,0
DA:26,0
DA:28,0
DA:30,0
DA:31,0
DA:34,0
DA:41,0
DA:43,0
DA:44,0
DA:50,0
DA:51,0
DA:58,0
DA:59,0
DA:62,0
DA:64,0
DA:65,0
DA:71,0
DA:72,0
DA:74,0
DA:75,0
DA:76,0
DA:79,0
DA:81,0
DA:82,0
DA:85,0
DA:92,0
DA:94,0
DA:95,0
DA:101,4
DA:102,4
DA:103,4
DA:106,4
DA:107,1
DA:110,3
DA:111,3
DA:112,1
DA:115,2
DA:117,2
DA:118,0
DA:128,0
DA:138,0
DA:139,0
DA:140,0
DA:143,2
DA:144,0
DA:156,2
DA:157,0
DA:171,2
DA:172,2
DA:175,2
DA:177,0
DA:178,0
DA:185,0
DA:186,0
DA:187,0
DA:188,0
DA:191,0
DA:193,0
DA:195,0
DA:196,0
LF:68
LH:18
BRDA:30,0,0,0
BRDA:30,0,1,0
BRDA:30,1,0,0
BRDA:30,1,1,0
BRDA:58,2,0,0
BRDA:58,2,1,0
BRDA:75,3,0,0
BRDA:75,3,1,0
BRDA:81,4,0,0
BRDA:81,4,1,0
BRDA:81,5,0,0
BRDA:81,5,1,0
BRDA:106,6,0,1
BRDA:106,6,1,3
BRDA:106,7,0,4
BRDA:106,7,1,3
BRDA:111,8,0,1
BRDA:111,8,1,2
BRDA:117,9,0,0
BRDA:117,9,1,2
BRDA:143,10,0,0
BRDA:143,10,1,2
BRDA:156,11,0,0
BRDA:156,11,1,2
BRDA:187,12,0,0
BRDA:187,12,1,0
BRF:26
BRH:9
end_of_record
TN:
SF:controllers\categoryController.js
FN:4,(anonymous_0)
FN:14,(anonymous_1)
FN:25,(anonymous_2)
FN:39,(anonymous_3)
FN:56,(anonymous_4)
FNF:5
FNH:5
FNDA:1,(anonymous_0)
FNDA:1,(anonymous_1)
FNDA:1,(anonymous_2)
FNDA:1,(anonymous_3)
FNDA:1,(anonymous_4)
DA:1,3
DA:4,3
DA:5,1
DA:6,1
DA:7,1
DA:9,0
DA:14,3
DA:15,1
DA:16,1
DA:17,1
DA:18,1
DA:20,0
DA:25,3
DA:26,1
DA:27,1
DA:28,1
DA:29,1
DA:30,0
DA:32,1
DA:34,0
DA:39,3
DA:40,1
DA:41,1
DA:42,1
DA:43,1
DA:44,1
DA:45,0
DA:47,1
DA:48,1
DA:49,1
DA:51,0
DA:56,3
DA:57,1
DA:58,1
DA:59,1
DA:60,1
DA:61,0
DA:63,1
DA:65,1
DA:67,1
LF:40
LH:33
BRDA:29,0,0,0
BRDA:29,0,1,1
BRDA:44,1,0,0
BRDA:44,1,1,1
BRDA:60,2,0,0
BRDA:60,2,1,1
BRF:6
BRH:3
end_of_record
TN:
SF:controllers\columnController.js
FN:4,(anonymous_0)
FN:18,(anonymous_1)
FN:29,(anonymous_2)
FN:43,(anonymous_3)
FN:60,(anonymous_4)
FNF:5
FNH:4
FNDA:1,(anonymous_0)
FNDA:1,(anonymous_1)
FNDA:0,(anonymous_2)
FNDA:1,(anonymous_3)
FNDA:1,(anonymous_4)
DA:1,3
DA:4,3
DA:5,1
DA:6,1
DA:11,1
DA:13,0
DA:18,3
DA:19,1
DA:20,1
DA:21,1
DA:22,1
DA:24,0
DA:29,3
DA:30,0
DA:31,0
DA:32,0
DA:33,0
DA:34,0
DA:36,0
DA:38,0
DA:43,3
DA:44,1
DA:45,1
DA:46,1
DA:47,1
DA:48,1
DA:49,0
DA:51,1
DA:52,1
DA:53,1
DA:55,0
DA:60,3
DA:61,1
DA:62,1
DA:63,1
DA:64,1
DA:65,0
DA:67,1
DA:69,1
DA:71,0
LF:40
LH:27
BRDA:33,0,0,0
BRDA:33,0,1,0
BRDA:48,1,0,0
BRDA:48,1,1,1
BRDA:64,2,0,0
BRDA:64,2,1,1
BRF:6
BRH:2
end_of_record
TN:
SF:controllers\homeController.js
FN:2,(anonymous_0)
FNF:1
FNH:0
FNDA:0,(anonymous_0)
DA:1,3
DA:3,0
DA:7,3
LF:3
LH:2
BRF:0
BRH:0
end_of_record
TN:
SF:models\Card.js
FN:3,(anonymous_0)
FN:17,(anonymous_1)
FNF:2
FNH:2
FNDA:3,(anonymous_0)
FNDA:3,(anonymous_1)
DA:3,3
DA:4,3
DA:17,3
DA:18,3
DA:23,3
DA:31,3
LF:6
LH:6
BRF:0
BRH:0
end_of_record
TN:
SF:models\CardCategory.js
FN:2,(anonymous_0)
FN:14,(anonymous_1)
FNF:2
FNH:2
FNDA:3,(anonymous_0)
FNDA:3,(anonymous_1)
DA:2,3
DA:3,3
DA:14,3
DA:18,3
LF:4
LH:4
BRF:0
BRH:0
end_of_record
TN:
SF:models\Category.js
FN:3,(anonymous_0)
FN:11,(anonymous_1)
FNF:2
FNH:2
FNDA:3,(anonymous_0)
FNDA:3,(anonymous_1)
DA:3,3
DA:4,3
DA:11,3
DA:12,3
DA:20,3
LF:5
LH:5
BRF:0
BRH:0
end_of_record
TN:
SF:models\Column.js
FN:3,(anonymous_0)
FN:17,(anonymous_1)
FNF:2
FNH:2
FNDA:3,(anonymous_0)
FNDA:3,(anonymous_1)
DA:3,3
DA:4,3
DA:17,3
DA:18,3
DA:25,3
LF:5
LH:5
BRF:0
BRH:0
end_of_record
TN:
SF:models\index.js
FN:21,(anonymous_0)
FN:29,(anonymous_1)
FN:34,(anonymous_2)
FNF:3
FNH:3
FNDA:15,(anonymous_0)
FNDA:12,(anonymous_1)
FNDA:12,(anonymous_2)
DA:3,3
DA:4,3
DA:5,3
DA:6,3
DA:7,3
DA:8,3
DA:9,3
DA:10,3
DA:13,3
DA:14,0
DA:16,3
DA:19,3
DA:22,15
DA:30,12
DA:31,12
DA:34,3
DA:35,12
DA:36,12
DA:40,3
DA:41,3
DA:43,3
LF:21
LH:20
BRDA:8,0,0,3
BRDA:8,0,1,0
BRDA:13,1,0,0
BRDA:13,1,1,3
BRDA:23,2,0,15
BRDA:23,2,1,15
BRDA:23,2,2,12
BRDA:23,2,3,12
BRDA:35,3,0,12
BRDA:35,3,1,0
BRF:10
BRH:7
end_of_record
TN:
SF:routes\api.js
FN:6,createApiRoutes
FNF:1
FNH:1
FNDA:3,createApiRoutes
DA:1,3
DA:2,3
DA:3,3
DA:4,3
DA:7,3
DA:9,3
DA:10,3
DA:11,3
DA:12,3
DA:13,3
DA:15,3
DA:18,3
DA:19,3
DA:20,3
DA:21,3
DA:22,3
DA:25,3
DA:26,3
DA:27,3
DA:28,3
DA:29,3
DA:32,3
DA:35,3
LF:23
LH:23
BRF:0
BRH:0
end_of_record
TN:
SF:routes\index.js
FN:5,createRoutes
FNF:1
FNH:1
FNDA:3,createRoutes
DA:1,3
DA:2,3
DA:3,3
DA:6,3
DA:8,3
DA:9,3
DA:11,3
DA:14,3
LF:8
LH:8
BRF:0
BRH:0
end_of_record
TN:
SF:routes\web.js
FN:5,createWebRoutes
FNF:1
FNH:1
FNDA:3,createWebRoutes
DA:1,3
DA:3,3
DA:6,3
DA:8,3
DA:10,3
DA:13,3
LF:6
LH:6
BRF:0
BRH:0
end_of_record
